This file contains any messages produced by compilers while
running configure, to aid debugging if configure makes a mistake.

It was created by configure, which was
generated by GNU Autoconf 2.69.  Invocation command line was

  $ ./configure 

## --------- ##
## Platform. ##
## --------- ##

hostname = MSI
uname -m = x86_64
uname -r = 4.4.0-17134-Microsoft
uname -s = Linux
uname -v = #345-Microsoft Wed Sep 19 17:47:00 PST 2018

/usr/bin/uname -p = unknown
/bin/uname -X     = unknown

/bin/arch              = unknown
/usr/bin/arch -k       = unknown
/usr/convex/getsysinfo = unknown
/usr/bin/hostinfo      = unknown
/bin/machine           = unknown
/usr/bin/oslevel       = unknown
/bin/universe          = unknown

PATH: /mnt/d/Programs/Lustre/lustre-v4-III-dc-linux64/bin
PATH: /home/Mick/.opam/mpri24/bin
PATH: /mnt/d/Programs/dart-sass-linux
PATH: /home/Mick/bin
PATH: /home/Mick/.local/bin
PATH: /usr/local/sbin
PATH: /usr/local/bin
PATH: /usr/sbin
PATH: /usr/bin
PATH: /sbin
PATH: /bin
PATH: /usr/games
PATH: /usr/local/games
PATH: /mnt/c/Program Files (x86)/Common Files/Oracle/Java/javapath_target_102473609
PATH: /mnt/d/Programs/Perl/site/bin
PATH: /mnt/d/Programs/Perl/bin
PATH: /mnt/c/Program Files/ImageMagick-7.0.7-Q16
PATH: /mnt/c/Program Files (x86)/Intel/iCLS Client
PATH: /mnt/c/Program Files/Intel/iCLS Client
PATH: /mnt/c/Windows/System32
PATH: /mnt/c/Windows
PATH: /mnt/c/Windows/System32/wbem
PATH: /mnt/c/Windows/System32/WindowsPowerShell/v1.0
PATH: /mnt/c/Program Files (x86)/Intel/Intel(R) Management Engine Components/DAL
PATH: /mnt/c/Program Files/Intel/Intel(R) Management Engine Components/DAL
PATH: /mnt/c/Program Files (x86)/Intel/Intel(R) Management Engine Components/IPT
PATH: /mnt/c/Program Files/Intel/Intel(R) Management Engine Components/IPT
PATH: /mnt/c/Windows/System32
PATH: /mnt/c/Windows
PATH: /mnt/c/Windows/System32/wbem
PATH: /mnt/c/Windows/System32/WindowsPowerShell/v1.0
PATH: /mnt/c/Program Files (x86)/NVIDIA Corporation/PhysX/Common
PATH: /mnt/d/Programs/MiKTeX/miktex/bin/x64
PATH: /mnt/c/Program Files (x86)/GtkSharp/2.12/bin
PATH: /mnt/c/Program Files/dotnet
PATH: /mnt/c/Program Files/PuTTY
PATH: /mnt/c/Program Files (x86)/PharosSystems/Core
PATH: /mnt/d/Programs/Vagrant/bin
PATH: /mnt/c/Windows/System32/OpenSSH
PATH: /mnt/c/Program Files (x86)/Windows Kits/10/Windows Performance Toolkit
PATH: /mnt/c/Program Files/Microsoft SQL Server/130/Tools/Binn
PATH: /mnt/c/Program Files/Microsoft VS Code/bin
PATH: /mnt/d/Programs/Stack/bin
PATH: /mnt/d/Programs/Perl/site/bin
PATH: /mnt/d/Programs/Perl/bin
PATH: /mnt/c/Program Files/ImageMagick-7.0.7-Q16
PATH: /mnt/c/Program Files (x86)/Intel/iCLS Client
PATH: /mnt/c/Program Files/Intel/iCLS Client
PATH: /mnt/c/Windows/System32
PATH: /mnt/c/Windows
PATH: /mnt/c/Windows/System32/wbem
PATH: /mnt/c/Windows/System32/WindowsPowerShell/v1.0
PATH: /mnt/c/Program Files (x86)/Intel/Intel(R) Management Engine Components/DAL
PATH: /mnt/c/Program Files/Intel/Intel(R) Management Engine Components/DAL
PATH: /mnt/c/Program Files (x86)/Intel/Intel(R) Management Engine Components/IPT
PATH: /mnt/c/Program Files/Intel/Intel(R) Management Engine Components/IPT
PATH: /mnt/c/Windows/System32
PATH: /mnt/c/Windows
PATH: /mnt/c/Windows/System32/wbem
PATH: /mnt/c/Windows/System32/WindowsPowerShell/v1.0
PATH: /mnt/c/Program Files (x86)/NVIDIA Corporation/PhysX/Common
PATH: /mnt/d/Programs/MiKTeX/miktex/bin/x64
PATH: /mnt/c/Program Files (x86)/GtkSharp/2.12/bin
PATH: /mnt/c/Program Files/dotnet
PATH: /mnt/c/Program Files/PuTTY
PATH: /mnt/c/Program Files (x86)/PharosSystems/Core
PATH: /mnt/d/Programs/Vagrant/bin
PATH: /mnt/c/Windows/System32/OpenSSH
PATH: /mnt/c/Program Files (x86)/Windows Kits/10/Windows Performance Toolkit
PATH: /mnt/c/Users/Mick/adb
PATH: /mnt/d/Dev/Git/AliasesManager/AliasesManager/bin/Debug/Data/Aliases
PATH: /mnt/c/Program Files/Microsoft VS Code/bin
PATH: /mnt/d/Programs/dart-sass
PATH: /mnt/d/Programs/graphviz/bin
PATH: /snap/bin
PATH: /mnt/d/Programs/Lustre/lustre-v4-III-dc-linux64/esterelv5_21.linux/bin


## ----------- ##
## Core tests. ##
## ----------- ##

configure:1682: checking for ocp-ocamlc.opt
configure:1712: result: no
configure:1682: checking for ocamlc.opt
configure:1698: found /home/Mick/.opam/mpri24/bin/ocamlc.opt
configure:1709: result: ocamlc.opt
configure:1734: checking for ocp-ocamlopt.opt
configure:1764: result: no
configure:1734: checking for ocamlopt.opt
configure:1750: found /home/Mick/.opam/mpri24/bin/ocamlopt.opt
configure:1761: result: ocamlopt.opt
configure:1783: checking for ocamldep
configure:1799: found /home/Mick/.opam/mpri24/bin/ocamldep
configure:1811: result: ocamldep
configure:1825: checking for ocamllex
configure:1841: found /home/Mick/.opam/mpri24/bin/ocamllex
configure:1853: result: ocamllex
configure:1867: checking for ocamlyacc
configure:1883: found /home/Mick/.opam/mpri24/bin/ocamlyacc
configure:1895: result: ocamlyacc
configure:1907: checking platform
configure:2092: creating ./config.status

## ---------------------- ##
## Running config.status. ##
## ---------------------- ##

This file was extended by config.status, which was
generated by GNU Autoconf 2.69.  Invocation command line was

  CONFIG_FILES    = 
  CONFIG_HEADERS  = 
  CONFIG_LINKS    = 
  CONFIG_COMMANDS = 
  $ ./config.status 

on MSI

config.status:725: creating Makefile
config.status:824: WARNING:  'Makefile.in' seems to ignore the --datarootdir setting

## ---------------- ##
## Cache variables. ##
## ---------------- ##

ac_cv_env_build_alias_set=
ac_cv_env_build_alias_value=
ac_cv_env_host_alias_set=
ac_cv_env_host_alias_value=
ac_cv_env_target_alias_set=
ac_cv_env_target_alias_value=
ac_cv_prog_OCAMLC=ocamlc.opt
ac_cv_prog_OCAMLDEP=ocamldep
ac_cv_prog_OCAMLLEX=ocamllex
ac_cv_prog_OCAMLOPT=ocamlopt.opt
ac_cv_prog_OCAMLYACC=ocamlyacc

## ----------------- ##
## Output variables. ##
## ----------------- ##

ALTERGOLIB=''
DEFS='-DPACKAGE_NAME=\"\" -DPACKAGE_TARNAME=\"\" -DPACKAGE_VERSION=\"\" -DPACKAGE_STRING=\"\" -DPACKAGE_BUGREPORT=\"\" -DPACKAGE_URL=\"\"'
ECHO_C=''
ECHO_N='-n'
ECHO_T=''
EXE=''
FUNCTORYLIB=''
LIBEXT='.a'
LIBOBJS=''
LIBS=''
LTLIBOBJS=''
OBJEXT='.o'
OCAMLBEST='opt'
OCAMLC='ocamlc.opt'
OCAMLDEP='ocamldep'
OCAMLLEX='ocamllex'
OCAMLLIB='/home/Mick/.opam/mpri24/lib/ocaml'
OCAMLOPT='ocamlopt.opt'
OCAMLVERSION='4.05.0'
OCAMLWIN32='no'
OCAMLYACC='ocamlyacc'
PACKAGE_BUGREPORT=''
PACKAGE_NAME=''
PACKAGE_STRING=''
PACKAGE_TARNAME=''
PACKAGE_URL=''
PACKAGE_VERSION=''
PATH_SEPARATOR=':'
SHELL='/bin/bash'
bindir='${exec_prefix}/bin'
build_alias=''
datadir='${datarootdir}'
datarootdir='${prefix}/share'
docdir='${datarootdir}/doc/${PACKAGE}'
dvidir='${docdir}'
exec_prefix='${prefix}'
host_alias=''
htmldir='${docdir}'
includedir='${prefix}/include'
infodir='${datarootdir}/info'
libdir='${exec_prefix}/lib'
libexecdir='${exec_prefix}/libexec'
localedir='${datarootdir}/locale'
localstatedir='${prefix}/var'
mandir='${datarootdir}/man'
oldincludedir='/usr/include'
pdfdir='${docdir}'
prefix='/usr/local'
program_transform_name='s,x,x,'
psdir='${docdir}'
sbindir='${exec_prefix}/sbin'
sharedstatedir='${prefix}/com'
sysconfdir='${prefix}/etc'
target_alias=''

## ----------- ##
## confdefs.h. ##
## ----------- ##

/* confdefs.h */
#define PACKAGE_NAME ""
#define PACKAGE_TARNAME ""
#define PACKAGE_VERSION ""
#define PACKAGE_STRING ""
#define PACKAGE_BUGREPORT ""
#define PACKAGE_URL ""

configure: exit 0
